/* Output: (First and Last 10 Lines)
Loading ch25patterns.doubledispatch.Glass
Loading ch25patterns.doubledispatch.Paper
Loading ch25patterns.doubledispatch.Aluminum
Loading ch25patterns.doubledispatch.Cardboard
weight of ch25patterns.doubledispatch.Aluminum = 89.0
weight of ch25patterns.doubledispatch.Aluminum = 76.0
weight of ch25patterns.doubledispatch.Aluminum = 25.0
weight of ch25patterns.doubledispatch.Aluminum = 34.0
weight of ch25patterns.doubledispatch.Aluminum = 27.0
weight of ch25patterns.doubledispatch.Aluminum = 18.0
weight of ch25patterns.doubledispatch.Aluminum = 81.0
weight of ch25patterns.doubledispatch.Aluminum = 36.0
weight of ch25patterns.doubledispatch.Aluminum = 93.0
weight of ch25patterns.doubledispatch.Aluminum = 36.0
Total value = 860.0499778985977
weight of ch25patterns.doubledispatch.Paper = 22.0
weight of ch25patterns.doubledispatch.Paper = 11.0
weight of ch25patterns.doubledispatch.Paper = 88.0
weight of ch25patterns.doubledispatch.Paper = 91.0
weight of ch25patterns.doubledispatch.Paper = 80.0
weight of ch25patterns.doubledispatch.Paper = 66.0
Total value = 35.80000053346157
weight of ch25patterns.doubledispatch.Glass = 54.0
weight of ch25patterns.doubledispatch.Glass = 17.0
weight of ch25patterns.doubledispatch.Glass = 11.0
weight of ch25patterns.doubledispatch.Glass = 68.0
weight of ch25patterns.doubledispatch.Glass = 43.0
weight of ch25patterns.doubledispatch.Glass = 63.0
weight of ch25patterns.doubledispatch.Glass = 50.0
weight of ch25patterns.doubledispatch.Glass = 80.0
weight of ch25patterns.doubledispatch.Glass = 12.0
weight of ch25patterns.doubledispatch.Glass = 54.0
weight of ch25patterns.doubledispatch.Glass = 93.0
weight of ch25patterns.doubledispatch.Glass = 36.0
weight of ch25patterns.doubledispatch.Glass = 12.0
weight of ch25patterns.doubledispatch.Glass = 60.0
Total value = 150.1900027245283
weight of ch25patterns.doubledispatch.Cardboard = 96.0
weight of ch25patterns.doubledispatch.Cardboard = 44.0
weight of ch25patterns.doubledispatch.Cardboard = 12.0
weight of ch25patterns.doubledispatch.Cardboard = 22.0
Total value = 40.02000072598457
weight of ch25patterns.doubledispatch.Glass = 54.0
weight of ch25patterns.doubledispatch.Paper = 22.0
weight of ch25patterns.doubledispatch.Paper = 11.0
weight of ch25patterns.doubledispatch.Glass = 17.0
weight of ch25patterns.doubledispatch.Aluminum = 89.0
weight of ch25patterns.doubledispatch.Paper = 88.0
weight of ch25patterns.doubledispatch.Aluminum = 76.0
weight of ch25patterns.doubledispatch.Cardboard = 96.0
weight of ch25patterns.doubledispatch.Aluminum = 25.0
weight of ch25patterns.doubledispatch.Aluminum = 34.0
weight of ch25patterns.doubledispatch.Glass = 11.0
weight of ch25patterns.doubledispatch.Glass = 68.0
weight of ch25patterns.doubledispatch.Glass = 43.0
weight of ch25patterns.doubledispatch.Aluminum = 27.0
weight of ch25patterns.doubledispatch.Cardboard = 44.0
weight of ch25patterns.doubledispatch.Aluminum = 18.0
weight of ch25patterns.doubledispatch.Paper = 91.0
weight of ch25patterns.doubledispatch.Glass = 63.0
weight of ch25patterns.doubledispatch.Glass = 50.0
weight of ch25patterns.doubledispatch.Glass = 80.0
weight of ch25patterns.doubledispatch.Aluminum = 81.0
weight of ch25patterns.doubledispatch.Cardboard = 12.0
weight of ch25patterns.doubledispatch.Glass = 12.0
weight of ch25patterns.doubledispatch.Glass = 54.0
weight of ch25patterns.doubledispatch.Aluminum = 36.0
weight of ch25patterns.doubledispatch.Aluminum = 93.0
weight of ch25patterns.doubledispatch.Glass = 93.0
weight of ch25patterns.doubledispatch.Paper = 80.0
weight of ch25patterns.doubledispatch.Glass = 36.0
weight of ch25patterns.doubledispatch.Glass = 12.0
weight of ch25patterns.doubledispatch.Glass = 60.0
weight of ch25patterns.doubledispatch.Paper = 66.0
weight of ch25patterns.doubledispatch.Aluminum = 36.0
weight of ch25patterns.doubledispatch.Cardboard = 22.0
Total value = 1086.0599818825722
