/* Output: (First and Last 11 Lines)
weight of Aluminum = 0.2893030122276371
weight of Aluminum = 0.1970234961398979
weight of Aluminum = 0.36295525806274787
weight of Aluminum = 0.4825532324565849
weight of Aluminum = 0.8036398273294586
weight of Aluminum = 0.510430896154935
weight of Aluminum = 0.6703377164093444
weight of Aluminum = 0.41477933066243455
weight of Aluminum = 0.3603022312124007
weight of Aluminum = 0.43690089841661006
weight of Aluminum = 0.6708820087907101
Total value = 8.682509983009306
weight of Paper = 0.7996273871773159
weight of Paper = 0.3247334390328669
weight of Paper = 0.05799357382340442
weight of Paper = 0.5735994548427199
weight of Paper = 0.8370669795210507
Total value = 0.2593020873036379
weight of Glass = 0.017724625085768553
weight of Glass = 0.827643701490101
weight of Glass = 0.5192421552067408
weight of Glass = 0.17279239446194383
weight of Glass = 0.40690927850007297
weight of Glass = 0.5999637765664924
weight of Glass = 0.7748836191212746
weight of Glass = 0.5362827750851034
weight of Glass = 0.3397919679731668
Total value = 0.9649039050067343
weight of Aluminum = 0.2893030122276371
weight of Aluminum = 0.1970234961398979
weight of Glass = 0.017724625085768553
weight of Glass = 0.827643701490101
weight of Glass = 0.5192421552067408
weight of Paper = 0.7996273871773159
weight of Glass = 0.17279239446194383
weight of Aluminum = 0.36295525806274787
weight of Aluminum = 0.4825532324565849
weight of Aluminum = 0.8036398273294586
weight of Aluminum = 0.510430896154935
weight of Paper = 0.3247334390328669
weight of Glass = 0.40690927850007297
weight of Aluminum = 0.6703377164093444
weight of Paper = 0.05799357382340442
weight of Aluminum = 0.41477933066243455
weight of Aluminum = 0.3603022312124007
weight of Aluminum = 0.43690089841661006
weight of Glass = 0.5999637765664924
weight of Glass = 0.7748836191212746
weight of Paper = 0.5735994548427199
weight of Glass = 0.5362827750851034
weight of Aluminum = 0.6708820087907101
weight of Paper = 0.8370669795210507
weight of Glass = 0.3397919679731668
Total value = 9.90671597531968
